<?xml version="1.0" encoding="UTF-8"?>
<!-- Generated by org.testng.reporters.JUnitReportReporter -->
<testsuite hostname="C11-ZLRD3CA7DGT" failures="0" tests="3" name="TestCases" time="0.012" errors="0" timestamp="2022-07-21T16:38:57 EDT" skipped="0">
  <testcase classname="TestCases" name="start" time="0.011"/>
  <system-out/>
  <testcase classname="TestCases" name="mid" time="0.001"/>
  <system-out/>
  <testcase classname="TestCases" name="end" time="0.000"/>
  <system-out/>
</testsuite> <!-- TestCases -->
